DDI-DrugBank.d105.s0|0-13|Anticoagulants|group
DDI-DrugBank.d105.s0|128-144|anti-inflammatory|group
DDI-DrugBank.d105.s0|166-172|aspirin|brand
DDI-DrugBank.d252.s0|129-139|epinephrine|drug
DDI-DrugBank.d252.s1|55-66|beta-blocker|group
DDI-DrugBank.d252.s1|144-152|reserpine|drug
DDI-DrugBank.d252.s2|19-33|beta-adrenergic|group
DDI-DrugBank.d252.s4|23-37|beta-adrenergic|group
DDI-DrugBank.d252.s5|36-50|beta-adrenergic|group
DDI-DrugBank.d449.s0|23-32|antifungal|group
DDI-DrugBank.d449.s0|49-60|ketoconazole|drug
DDI-DrugBank.d449.s0|65-76|itraconazole|drug
DDI-DrugBank.d449.s1|12-22|fluvoxamine|drug
DDI-DrugBank.d449.s1|25-34|cimetidine|drug
DDI-DrugBank.d449.s2|0-9|Fluoxetine|drug
DDI-DrugBank.d449.s2|17-26|sertraline|drug
DDI-DrugBank.d449.s2|50-60|antibiotics|group
DDI-DrugBank.d320.s0|0-9|Chirocaine|drug
DDI-DrugBank.d320.s0|75-85|anesthetics|group
DDI-DrugBank.d320.s0|138-148|anesthetics|group
DDI-DrugBank.d320.s1|86-100|levobupivacaine|drug
DDI-DrugBank.d320.s1|114-128|levobupivacaine|drug
DDI-DrugBank.d320.s1|134-142|3-hydroxy|drug_n
DDI-DrugBank.d320.s1|144-158|levobupivacaine|drug
DDI-DrugBank.d320.s2|57-66|Chirocaine|drug
DDI-DrugBank.d320.s2|144-153|Chirocaine|drug
DDI-DrugBank.d320.s3|86-100|levobupivacaine|drug
DDI-DrugBank.d320.s3|212-216|azole|drug
DDI-DrugBank.d320.s3|218-229|antimycotics|group
DDI-DrugBank.d320.s3|237-248|ketoconazole|drug
DDI-DrugBank.d320.s5|10-20|antibiotics|group
DDI-DrugBank.d320.s5|28-39|erythromycin|drug
DDI-DrugBank.d320.s6|67-76|omeprazole|drug
DDI-DrugBank.d320.s6|102-112|furafylline|drug
DDI-DrugBank.d320.s6|118-131|clarithromycin|drug
DDI-DrugBank.d320.s7|40-54|levobupivacaine|drug
DDI-DrugBank.d320.s7|142-156|levobupivacaine|drug
DDI-DrugBank.d671.s0|27-34|pemoline|drug
DDI-DrugBank.d671.s2|94-106|antiepileptic|group
DDI-DrugBank.d95.s0|0-11|Cyclosporine|drug
DDI-DrugBank.d95.s0|15-24|L-arginine|drug
DDI-DrugBank.d95.s0|45-57|antinaturetic|group
DDI-DrugBank.d95.s1|12-21|L-arginine|drug
DDI-DrugBank.d95.s2|19-28|L-arginine|drug
DDI-DrugBank.d95.s3|36-45|L-arginine|drug
DDI-DrugBank.d640.s0|0-8|Diuretics|group
DDI-DrugBank.d640.s2|26-42|Potassium-Sparing|drug
DDI-DrugBank.d640.s2|44-52|Diuretics|group
DDI-DrugBank.d640.s3|7-23|potassium-sparing|drug
DDI-DrugBank.d640.s3|25-33|diuretics|group
DDI-DrugBank.d640.s5|5-18|Anticoagulants|group
DDI-DrugBank.d640.s5|46-53|warfarin|drug
DDI-DrugBank.d640.s5|141-153|anticoagulant|group
DDI-DrugBank.d640.s5|165-177|anticoagulant|group
DDI-DrugBank.d640.s9|161-170|cimetidine|drug
DDI-DrugBank.d640.s10|96-104|diuretics|group
DDI-DrugBank.d245.s0|99-115|anti-inflammatory|group
DDI-DrugBank.d245.s0|227-235|coumarins|drug
DDI-DrugBank.d245.s0|238-246|monoamine|drug
DDI-DrugBank.d245.s0|272-275|beta|group
DDI-DrugBank.d245.s4|44-52|diuretics|group
DDI-DrugBank.d245.s4|55-69|corticosteroids|group
DDI-DrugBank.d245.s4|165-180|sympathomimetics|group
DDI-DrugBank.d245.s7|94-107|chlorpropamide|drug
DDI-DrugBank.d245.s9|37-46|miconazole|drug
DDI-DrugBank.d245.s10|95-104|miconazole|drug
DDI-DrugBank.d530.s0|14-22|monoamine|drug
DDI-DrugBank.d530.s0|61-70|phenelzine|drug
DDI-DrugBank.d530.s0|81-95|tranylcypromine|drug
DDI-DrugBank.d530.s0|109-117|pargyline|drug
DDI-DrugBank.d530.s1|19-33|L-phenylalanine|drug
DDI-DrugBank.d530.s2|0-9|Selegiline|drug
DDI-DrugBank.d530.s2|13-27|L-phenylalanine|drug
DDI-DrugBank.d530.s2|61-70|selegiline|drug
DDI-DrugBank.d530.s2|93-106|antidepressant|group
DDI-DrugBank.d530.s3|20-34|L-phenylalanine|drug
DDI-DrugBank.d723.s0|39-51|acetylcholine|drug
DDI-DrugBank.d22.s2|56-62|vitamin|group
DDI-DrugBank.d22.s3|33-39|vitamin|group
DDI-DrugBank.d739.s0|135-142|kinetics|group
DDI-DrugBank.d739.s0|176-187|theophylline|drug
DDI-DrugBank.d739.s1|48-55|warfarin|drug
DDI-DrugBank.d739.s1|139-143|30-mg|drug_n
DDI-DrugBank.d739.s1|158-165|warfarin|drug
DDI-DrugBank.d739.s3|53-63|terfenadine|drug
DDI-DrugBank.d739.s3|105-116|fexofenadine|drug
DDI-DrugBank.d739.s3|218-228|terfenadine|drug
DDI-DrugBank.d739.s6|119-123|10-mg|drug_n
DDI-DrugBank.d739.s10|123-138|pharmacokinetics|group
DDI-DrugBank.d739.s10|164-175|theophylline|drug
DDI-DrugBank.d739.s10|271-281|terfenadine|drug
DDI-DrugBank.d739.s10|297-304|warfarin|drug
DDI-DrugBank.d739.s12|54-62|hypnotics|group
DDI-DrugBank.d739.s12|79-95|anti-inflammatory|group
DDI-DrugBank.d739.s12|126-138|decongestants|group
DDI-DrugBank.d739.s13|119-123|10-mg|drug_n
DDI-DrugBank.d227.s0|64-72|relaxants|group
DDI-DrugBank.d227.s0|111-119|relaxants|group
DDI-DrugBank.d746.s1|0-8|Monoamine|drug
DDI-DrugBank.d746.s1|42-56|antidepressants|group
DDI-DrugBank.d317.s3|26-32|antigen|group
DDI-DrugBank.d317.s3|40-46|antigen|group
DDI-DrugBank.d317.s3|123-142|beta-thromboglobulin|drug
DDI-DrugBank.d317.s4|20-30|anti-factor|group
DDI-DrugBank.d317.s4|39-50|antithrombin|group
DDI-DrugBank.d317.s4|67-78|antithrombin|group
DDI-DrugBank.d317.s6|22-28|antigen|group
DDI-DrugBank.d317.s8|26-33|globulin|drug
DDI-DrugBank.d317.s8|139-144|iodine|drug
DDI-DrugBank.d317.s13|79-86|globulin|drug
DDI-DrugBank.d317.s13|115-122|globulin|drug
DDI-DrugBank.d317.s13|171-185|corticosteroids|group
DDI-DrugBank.d317.s13|195-202|steroids|group
DDI-DrugBank.d454.s0|2-11|Lofexidine|drug
DDI-DrugBank.d454.s2|2-11|Lofexidine|drug
DDI-DrugBank.d454.s2|40-56|anti-hypertensive|group
DDI-DrugBank.d454.s4|31-45|antidepressants|group
DDI-DrugBank.d454.s4|74-83|lofexidine|drug
DDI-MedLine.d86.s3|128-143|pharmacokinetics|group
DDI-MedLine.d86.s3|157-161|10-mg|drug_n
DDI-MedLine.d86.s3|201-206|120-mg|drug_n
DDI-MedLine.d86.s4|44-49|21-day|drug_n
DDI-MedLine.d86.s5|54-58|whole|drug
DDI-MedLine.d86.s9|105-109|whole|drug
DDI-DrugBank.d107.s0|55-63|diuretics|group
DDI-DrugBank.d107.s3|34-49|antihypertensive|group
DDI-DrugBank.d107.s3|104-119|antihypertensive|group
DDI-DrugBank.d107.s3|160-168|diuretics|group
DDI-DrugBank.d107.s4|129-145|anti-inflammatory|group
DDI-DrugBank.d107.s7|57-72|antihypertensive|group
DDI-DrugBank.d107.s8|54-69|antihypertensive|group
DDI-DrugBank.d107.s10|90-93|beta|group
DDI-DrugBank.d107.s10|170-180|hydralazine|drug
DDI-DrugBank.d107.s12|111-119|diuretics|group
DDI-DrugBank.d107.s13|0-16|Potassium-sparing|drug
DDI-DrugBank.d107.s13|18-26|diuretics|group
DDI-DrugBank.d107.s15|10-16|sparing|drug
DDI-MedLine.d181.s0|20-32|levothyroxine|drug
DDI-MedLine.d181.s1|141-147|infants|group
DDI-MedLine.d181.s3|86-100|characteristics|group
DDI-MedLine.d181.s4|85-97|levothyroxine|drug
DDI-MedLine.d181.s5|17-29|levothyroxine|drug
DDI-MedLine.d181.s6|78-90|levothyroxine|drug
DDI-MedLine.d181.s7|94-102|thyroxine|drug
DDI-MedLine.d181.s8|20-28|thyroxine|drug
DDI-DrugBank.d531.s10|51-63|Anti-Migraine|drug
DDI-DrugBank.d531.s11|0-9|astemizole|drug
DDI-DrugBank.d531.s11|60-71|voriconazole|drug
DDI-DrugBank.d531.s17|0-9|Atazanavir|drug
DDI-DrugBank.d531.s18|0-9|atazanavir|drug
DDI-DrugBank.d531.s19|86-95|atazanavir|drug
DDI-DrugBank.d531.s19|112-120|ritonavir|drug
DDI-DrugBank.d531.s20|39-48|atazanavir|drug
DDI-DrugBank.d531.s25|0-13|Clarithromycin|drug
DDI-DrugBank.d531.s26|0-13|clarithromycin|drug
DDI-DrugBank.d531.s29|73-86|clarithromycin|drug
DDI-DrugBank.d531.s30|61-74|clarithromycin|drug
DDI-DrugBank.d531.s31|16-29|clarithromycin|drug
DDI-DrugBank.d531.s31|40-51|azithromycin|drug
DDI-DrugBank.d531.s32|16-26|antibiotics|group
DDI-DrugBank.d531.s32|37-48|erythromycin|drug
DDI-DrugBank.d531.s34|0-4|14-OH|drug_n
DDI-DrugBank.d531.s35|0-8|Indinavir|drug
DDI-DrugBank.d531.s36|0-8|indinavir|drug
DDI-DrugBank.d531.s37|20-28|indinavir|drug
DDI-DrugBank.d531.s38|15-23|indinavir|drug
DDI-DrugBank.d531.s38|93-101|indinavir|drug
DDI-DrugBank.d531.s39|5-13|indinavir|drug
DDI-DrugBank.d531.s39|108-116|indinavir|drug
DDI-DrugBank.d531.s39|160-164|33-46|drug_n
DDI-DrugBank.d531.s39|171-175|39-57|drug_n
DDI-DrugBank.d531.s39|210-218|indinavir|drug
DDI-DrugBank.d531.s40|0-18|Lopinavir/ritonavir|drug
DDI-DrugBank.d531.s41|0-8|lopinavir|drug
DDI-DrugBank.d531.s42|19-37|lopinavir/ritonavir|drug
DDI-DrugBank.d531.s60|0-8|Ritonavir|drug
DDI-DrugBank.d531.s61|0-8|ritonavir|drug
DDI-DrugBank.d531.s63|84-92|ritonavir|drug
DDI-DrugBank.d531.s65|0-9|Saquinavir|drug
DDI-DrugBank.d531.s66|0-9|saquinavir|drug
DDI-DrugBank.d531.s67|22-25|sole|drug
DDI-DrugBank.d531.s68|0-9|Sertraline|drug
DDI-DrugBank.d531.s69|0-9|sertraline|drug
DDI-DrugBank.d531.s70|13-22|sertraline|drug
DDI-DrugBank.d531.s72|0-13|Anticoagulants|group
DDI-DrugBank.d531.s74|0-14|Anticonvulsants|group
DDI-DrugBank.d531.s74|41-53|Carbamazepine|drug
DDI-DrugBank.d531.s75|27-40|anticonvulsant|group
DDI-DrugBank.d531.s76|23-36|anticonvulsant|group
DDI-DrugBank.d531.s77|13-24|Itraconazole|drug
DDI-DrugBank.d531.s77|26-37|Ketoconazole|drug
DDI-DrugBank.d531.s78|48-56|imidazole|drug
DDI-DrugBank.d531.s78|62-69|triazole|drug
DDI-DrugBank.d531.s78|71-81|antifungals|group
DDI-DrugBank.d531.s79|63-74|itraconazole|drug
DDI-DrugBank.d531.s79|80-91|ketoconazole|drug
DDI-DrugBank.d531.s80|30-49|Saquinavir/ritonavir|drug
DDI-DrugBank.d531.s82|0-9|Amprenavir|drug
DDI-DrugBank.d531.s83|61-70|amprenavir|drug
DDI-DrugBank.d531.s87|12-24|substantially|group
DDI-DrugBank.d531.s90|182-189|antacids|group
DDI-DrugBank.d531.s90|192-203|azithromycin|drug
DDI-DrugBank.d531.s90|206-215|cetirizine|drug
DDI-DrugBank.d531.s90|218-227|famotidine|drug
DDI-DrugBank.d531.s90|230-240|fluconazole|drug
DDI-DrugBank.d531.s90|243-252|lamivudine|drug
DDI-DrugBank.d531.s90|266-275|nelfinavir|drug
DDI-DrugBank.d531.s90|278-287|paroxetine|drug
DDI-DrugBank.d531.s90|294-303|zidovudine|drug
DDI-DrugBank.d531.s91|92-101|lamivudine|drug
DDI-DrugBank.d531.s91|107-116|zidovudine|drug
DDI-DrugBank.d756.s0|38-44|opioids|group
DDI-DrugBank.d756.s0|95-109|levomepromazine|drug
DDI-DrugBank.d756.s0|165-171|opioids|group
DDI-DrugBank.d756.s2|63-77|levomepromazine|drug
DDI-DrugBank.d756.s4|38-52|levomepromazine|drug
DDI-DrugBank.d756.s4|65-79|anticholinergic|group
DDI-DrugBank.d756.s4|98-112|antidepressants|group
DDI-DrugBank.d756.s4|118-140|antiparkinsonian-agents|group
DDI-DrugBank.d756.s5|24-38|levomepromazine|drug
DDI-DrugBank.d756.s7|0-7|Caffeine|drug
DDI-DrugBank.d756.s7|35-55|ephedrine/amphetamine|drug
DDI-DrugBank.d756.s7|101-115|levomepromazine|drug
DDI-DrugBank.d756.s9|79-93|levomepromazine|drug
DDI-DrugBank.d756.s10|21-28|antacids|group
DDI-DrugBank.d756.s11|74-89|leveomepromazine|drug
DDI-DrugBank.d179.s1|0-12|Sulfapyridine|drug
DDI-DrugBank.d179.s1|56-68|Acetaminophen|drug
DDI-DrugBank.d179.s3|11-18|steroids|group
DDI-DrugBank.d179.s3|39-46|Anabolin|drug
DDI-DrugBank.d179.s5|22-29|medicine|drug
DDI-DrugBank.d179.s6|2-14|Carbamazepine|drug
DDI-DrugBank.d179.s7|2-11|Carmustine|drug
DDI-DrugBank.d179.s8|2-12|Chloroquine|drug
DDI-DrugBank.d179.s10|22-31|Cerubidine|drug
DDI-DrugBank.d179.s15|14-21|medicine|drug
DDI-DrugBank.d179.s16|2-19|Hydroxychloroquine|drug
DDI-DrugBank.d179.s17|2-15|Mercaptopurine|drug
DDI-DrugBank.d179.s20|8-22|anti-infectives|group
DDI-DrugBank.d179.s20|50-57|medicine|drug
DDI-DrugBank.d179.s21|18-31|acetophenazine|drug
DDI-DrugBank.d179.s21|49-62|chlorpromazine|drug
DDI-DrugBank.d179.s21|71-79|Thorazine|drug
DDI-DrugBank.d179.s21|83-94|fluphenazine|drug
DDI-DrugBank.d179.s21|114-125|mesoridazine|drug
DDI-DrugBank.d179.s21|145-156|perphenazine|drug
DDI-DrugBank.d179.s21|176-191|prochlorperazine|drug
DDI-DrugBank.d179.s21|200-208|Compazine|drug
DDI-DrugBank.d179.s21|212-220|promazine|drug
DDI-DrugBank.d179.s21|229-235|Sparine|drug
DDI-DrugBank.d179.s21|239-250|promethazine|drug
DDI-DrugBank.d179.s21|271-282|thioridazine|drug
DDI-DrugBank.d179.s21|302-316|trifluoperazine|drug
DDI-DrugBank.d179.s21|325-333|Stelazine|drug
DDI-DrugBank.d179.s21|337-351|triflupromazine|drug
DDI-DrugBank.d179.s21|370-381|trimeprazine|drug
DDI-DrugBank.d179.s22|2-11|Plicamycin|drug
DDI-DrugBank.d179.s23|40-52|sulfapyridine|drug
DDI-DrugBank.d179.s27|24-33|Furadantin|group
DDI-DrugBank.d179.s28|2-11|Primaquine|drug
DDI-DrugBank.d179.s29|2-13|Procainamide|drug
DDI-DrugBank.d179.s30|2-10|Quinidine|drug
DDI-DrugBank.d179.s31|2-8|Quinine|drug
DDI-DrugBank.d179.s33|52-64|sulfapyridine|drug
DDI-DrugBank.d179.s34|2-15|Anticoagulants|group
DDI-DrugBank.d179.s36|39-51|sulfapyridine|drug
DDI-DrugBank.d179.s37|2-14|Antidiabetics|group
DDI-DrugBank.d179.s37|32-39|medicine|drug
DDI-DrugBank.d179.s37|72-84|antidiabetics|group
DDI-DrugBank.d179.s37|91-103|sulfapyridine|drug
DDI-DrugBank.d179.s37|197-209|antidiabetics|group
DDI-DrugBank.d179.s38|55-67|sulfapyridine|drug
DDI-DrugBank.d179.s39|52-64|sulfapyridine|drug
DDI-DrugBank.d179.s40|19-26|Dilantin|group
DDI-DrugBank.d179.s40|51-63|sulfapyridine|drug
DDI-DrugBank.d237.s2|0-10|Antibiotics|group
DDI-DrugBank.d237.s2|52-65|clarithromycin|drug
DDI-DrugBank.d237.s2|68-79|erythromycin|drug
DDI-DrugBank.d237.s2|86-99|troleandomycin|drug
DDI-DrugBank.d237.s3|0-15|Anticholinergics|group
DDI-DrugBank.d237.s3|55-69|anticholinergic|group
DDI-DrugBank.d237.s3|101-109|alkaloids|group
DDI-DrugBank.d237.s3|115-125|dicyclomine|drug
DDI-DrugBank.d237.s4|0-13|Anticoagulants|group
DDI-DrugBank.d237.s4|50-63|anticoagulants|group
DDI-DrugBank.d237.s5|164-176|anticoagulant|group
DDI-DrugBank.d237.s6|0-14|Antidepressants|group
DDI-DrugBank.d237.s7|56-66|fluconazole|drug
DDI-DrugBank.d237.s7|69-80|itraconazole|drug
DDI-DrugBank.d237.s7|92-103|ketoconazole|drug
DDI-DrugBank.d237.s8|46-57|ketoconazole|drug
DDI-DrugBank.d237.s9|96-107|ketoconazole|drug
DDI-DrugBank.d237.s10|25-34|Cimetidine|drug
DDI-DrugBank.d237.s10|197-206|ranitidine|drug
DDI-DrugBank.d237.s11|35-44|cimetidine|drug
DDI-DrugBank.d237.s11|50-59|ranitidine|drug
DDI-DrugBank.d237.s12|49-57|indinavir|drug
DDI-DrugBank.d237.s12|63-71|ritonavir|drug
DDI-DrugBank.d237.s14|102-116|antiarrhythmics|group
DDI-DrugBank.d237.s14|156-164|quinidine|drug
DDI-DrugBank.d237.s14|170-181|procainamide|drug
DDI-DrugBank.d237.s15|10-24|antidepressants|group
DDI-DrugBank.d237.s15|35-47|amitriptyline|drug
DDI-DrugBank.d237.s16|20-34|antidepressants|group
DDI-DrugBank.d237.s16|45-55|maprotiline|drug
DDI-DrugBank.d237.s17|8-20|antipsychotic|group
DDI-DrugBank.d237.s17|43-52|sertindole|drug
DDI-DrugBank.d237.s18|0-9|astemizole|drug
DDI-DrugBank.d237.s18|12-19|bepridil|drug
DDI-DrugBank.d237.s18|40-49|terodiline|drug
DDI-DrugBank.d736.s1|50-57|steroids|group
DDI-DrugBank.d736.s2|0-6|Insulin|drug
DDI-DrugBank.d736.s3|50-63|norepinephrine|drug
DDI-DrugBank.d736.s5|50-61|tubocurarine|drug
DDI-DrugBank.d736.s7|55-70|antihypertensive|group
DDI-DrugBank.d104.s0|0-11|Fenfluramine|drug
DDI-DrugBank.d104.s0|49-64|antihypertensive|group
DDI-DrugBank.d104.s0|79-90|guanethidine|drug
DDI-DrugBank.d104.s0|105-113|reserpine|drug
DDI-DrugBank.d104.s1|74-85|fenfluramine|drug
DDI-MedLine.d159.s0|21-38|acetyl-l-carnitine|drug
DDI-MedLine.d159.s2|113-116|role|drug
DDI-MedLine.d159.s4|58-69|antioxidants|group
DDI-MedLine.d159.s6|5-22|acetyl-l-carnitine|drug
DDI-DrugBank.d580.s1|9-20|ketoconazole|drug
DDI-MedLine.d59.s1|93-103|aminopyrine|drug
DDI-MedLine.d59.s3|162-171|calmodulin|drug
DDI-DrugBank.d253.s0|74-83|arbutamine|drug
DDI-DrugBank.d253.s2|52-60|lidocaine|drug
DDI-DrugBank.d253.s2|66-74|quinidine|drug
DDI-DrugBank.d253.s2|98-107|arbutamine|drug
DDI-DrugBank.d253.s3|0-14|Antidepressants|group
DDI-DrugBank.d253.s3|29-36|atropine|drug
DDI-DrugBank.d253.s3|47-61|anticholinergic|group
DDI-DrugBank.d253.s3|116-125|arbutamine|drug
DDI-MedLine.d118.s0|31-39|rapamycin|drug
DDI-MedLine.d118.s2|37-54|immunosuppressants|group
DDI-MedLine.d118.s2|231-242|cyclosporine|drug
DDI-MedLine.d118.s3|128-139|cyclosporine|drug
DDI-MedLine.d118.s3|249-260|cyclosporine|drug
DDI-DrugBank.d371.s1|197-208|cyclosporine|drug
DDI-DrugBank.d371.s1|211-221|terfenadine|drug
DDI-DrugBank.d371.s1|224-235|ketoconazole|drug
DDI-DrugBank.d371.s1|238-249|erythromycin|drug
DDI-DrugBank.d371.s1|256-269|troleandomycin|drug
DDI-MedLine.d1.s6|40-52|beta-receptor|group
DDI-MedLine.d1.s6|103-111|diuretics|group
DDI-DrugBank.d152.s0|8-16|endocrine|drug
DDI-DrugBank.d152.s3|10-21|antithrombin|group
DDI-DrugBank.d152.s5|26-33|globulin|drug
DDI-DrugBank.d761.s0|150-153|wine|drug
DDI-DrugBank.d761.s0|196-211|pharmacokinetics|group
DDI-DrugBank.d761.s0|223-238|pharmacodynamics|group
DDI-DrugBank.d761.s1|0-11|Cyclosporine|drug
DDI-DrugBank.d761.s1|50-61|cyclosporine|drug
DDI-DrugBank.d761.s1|110-121|cyclosporine|drug
DDI-DrugBank.d761.s1|174-185|cyclosporine|drug
DDI-DrugBank.d761.s2|119-134|pharmacokinetics|group
DDI-DrugBank.d761.s3|109-121|beta-carotene|group
DDI-DrugBank.d761.s4|34-40|vitamin|group
DDI-DrugBank.d761.s5|57-63|vitamin|group
DDI-DrugBank.d761.s5|68-74|vitamin|group
DDI-DrugBank.d761.s5|105-111|vitamin|group
DDI-DrugBank.d761.s6|122-137|pharmacokinetics|group
DDI-DrugBank.d761.s6|142-157|pharmacodynamics|group
DDI-DrugBank.d761.s7|0-9|Nifedipine|drug
DDI-DrugBank.d761.s7|168-177|nifedipine|drug
DDI-DrugBank.d761.s9|121-136|pharmacokinetics|group
DDI-DrugBank.d761.s9|150-155|300-mg|drug_n
DDI-DrugBank.d761.s10|18-22|2-way|drug_n
DDI-DrugBank.d761.s10|180-195|pharmacokinetics|group
DDI-DrugBank.d761.s11|142-149|warfarin|drug
DDI-DrugBank.d761.s11|151-166|pharmacokinetics|group
DDI-DrugBank.d761.s11|199-214|pharmacodynamics|group
DDI-DrugBank.d761.s12|52-58|vitamin|group
DDI-DrugBank.d761.s12|125-131|vitamin|group
DDI-DrugBank.d761.s12|152-158|decline|drug
DDI-DrugBank.d761.s13|14-20|vitamin|group
DDI-DrugBank.d761.s13|102-109|warfarin|drug
DDI-DrugBank.d464.s0|0-6|Codeine|drug
DDI-DrugBank.d464.s0|43-52|analgesics|group
DDI-DrugBank.d464.s0|63-73|anesthetics|group
DDI-DrugBank.d464.s0|107-124|sedative-hypnotics|group
DDI-DrugBank.d464.s0|140-150|depressants|group
DDI-MedLine.d74.s0|13-20|arginine|drug
DDI-MedLine.d74.s1|75-81|insulin|drug
DDI-MedLine.d74.s2|57-63|insulin|drug
DDI-MedLine.d74.s2|216-223|arginine|drug
DDI-MedLine.d74.s2|275-286|theophylline|drug
DDI-MedLine.d74.s3|0-11|Theophylline|drug
DDI-MedLine.d74.s3|36-42|insulin|drug
DDI-MedLine.d74.s3|68-76|diabetics|group
DDI-MedLine.d74.s4|38-49|theophylline|drug
DDI-MedLine.d74.s4|69-75|insulin|drug
DDI-MedLine.d74.s4|133-142|diabectics|group
DDI-MedLine.d74.s5|0-7|Arginine|drug
DDI-MedLine.d74.s5|41-52|theophylline|drug
DDI-MedLine.d74.s5|107-113|insulin|drug
DDI-MedLine.d74.s5|130-138|diabetics|group
DDI-MedLine.d74.s6|0-7|Arginine|drug
DDI-MedLine.d74.s6|39-50|theophylline|drug
DDI-MedLine.d74.s6|94-102|diabetics|group
DDI-MedLine.d74.s6|121-127|insulin|drug
DDI-MedLine.d74.s6|147-155|diabetics|group
DDI-MedLine.d74.s8|12-19|arginine|drug
DDI-MedLine.d74.s8|83-89|insulin|drug
DDI-MedLine.d74.s9|110-117|arginine|drug
DDI-MedLine.d74.s10|36-42|insulin|drug
DDI-MedLine.d74.s11|77-80|beta|group
DDI-MedLine.d74.s11|108-119|theophylline|drug
DDI-DrugBank.d168.s0|49-59|depressants|group
DDI-DrugBank.d168.s0|135-148|antihistamines|group
DDI-DrugBank.d168.s0|152-167|anticholinergics|group
DDI-DrugBank.d168.s0|195-209|anticholinergic|group
DDI-DrugBank.d168.s0|221-235|anticholinergic|group
DDI-DrugBank.d168.s0|314-327|antihistamines|group
DDI-DrugBank.d168.s0|335-343|monoamine|drug
DDI-DrugBank.d168.s0|391-404|antihistamines|group
DDI-DrugBank.d168.s0|436-450|anticholinergic|group
DDI-DrugBank.d168.s0|482-495|antihistamines|group
DDI-DrugBank.d590.s0|32-45|clarithromycin|drug
DDI-DrugBank.d590.s0|76-85|ranitidine|drug
DDI-DrugBank.d590.s0|177-179|14-|drug_n
DDI-DrugBank.d590.s0|190-203|clarithromycin|drug
DDI-DrugBank.d590.s1|22-28|aspirin|brand
DDI-DrugBank.d590.s2|109-118|ranitidine|drug
DDI-DrugBank.d590.s4|53-62|ranitidine|drug
DDI-DrugBank.d654.s0|26-37|ketoconazole|drug
DDI-DrugBank.d654.s0|68-78|retapamulin|drug
DDI-DrugBank.d654.s0|99-102|0-24|drug_n
DDI-DrugBank.d654.s0|150-160|retapamulin|drug
DDI-DrugBank.d654.s1|32-42|retapamulin|drug
DDI-DrugBank.d654.s1|110-120|retapamulin|drug
DDI-DrugBank.d654.s1|191-202|ketoconazole|drug
DDI-DrugBank.d654.s2|123-133|retapamulin|drug
DDI-MedLine.d44.s2|111-118|kinetics|group
DDI-MedLine.d44.s2|427-433|1-month|drug_n
DDI-MedLine.d44.s3|2-8|1-month|drug_n
DDI-MedLine.d44.s4|127-134|baseline|drug
DDI-MedLine.d73.s0|52-95|1-methyl-4-phenyl-1,2,5,6-tetrahydropyridine|drug_n
DDI-MedLine.d73.s0|108-122|methamphetamine|drug
DDI-MedLine.d73.s1|144-158|methamphetamine|drug
DDI-MedLine.d73.s2|70-77|dopamine|drug
DDI-MedLine.d73.s2|143-151|pargyline|drug
DDI-MedLine.d73.s3|83-93|amphetamine|drug
DDI-MedLine.d73.s3|147-157|apomorphine|drug
DDI-MedLine.d73.s4|0-14|Methamphetamine|drug
DDI-MedLine.d73.s4|60-67|dopamine|drug
DDI-MedLine.d73.s4|107-115|pargyline|drug
DDI-MedLine.d73.s5|110-118|pargyline|drug
DDI-DrugBank.d704.s2|40-49|cimetidine|drug
DDI-DrugBank.d704.s4|75-84|cimetidine|drug
DDI-DrugBank.d704.s5|99-106|warfarin|drug
DDI-DrugBank.d704.s6|74-81|warfarin|drug
DDI-DrugBank.d429.s0|0-7|Antacids|group
DDI-DrugBank.d429.s0|13-18|kaolin|drug
DDI-DrugBank.d429.s0|21-28|Antacids|group
DDI-DrugBank.d429.s0|34-39|kaolin|drug
DDI-DrugBank.d429.s0|66-76|chloroquine|drug
DDI-DrugBank.d429.s1|67-77|chloroquine|drug
DDI-DrugBank.d429.s2|0-9|Cimetidine|drug
DDI-DrugBank.d429.s2|12-21|Cimetidine|drug
DDI-DrugBank.d429.s2|53-63|chloroquine|drug
DDI-DrugBank.d429.s3|19-28|cimetidine|drug
DDI-DrugBank.d429.s4|0-9|Ampicillin|drug
DDI-DrugBank.d429.s4|46-56|chloroquine|drug
DDI-DrugBank.d429.s4|103-112|ampicillin|drug
DDI-DrugBank.d429.s5|67-77|chloroquine|drug
DDI-DrugBank.d429.s6|35-45|chloroquine|drug
DDI-DrugBank.d429.s7|89-99|chloroquine|drug
DDI-DrugBank.d416.s0|117-124|procaine|drug
DDI-DrugBank.d416.s2|55-59|acids|group
DDI-DrugBank.d17.s0|0-13|Anticoagulants|group
DDI-DrugBank.d17.s1|63-71|diuretics|group
DDI-DrugBank.d17.s4|10-18|diuretics|group
DDI-DrugBank.d17.s5|21-28|antigout|group
DDI-DrugBank.d17.s6|133-141|relaxants|group
DDI-DrugBank.d17.s7|65-73|diuretics|group
DDI-DrugBank.d17.s9|18-32|Corticosteroids|group
DDI-DrugBank.d17.s10|30-38|diuretics|group
DDI-DrugBank.d17.s12|30-38|diuretics|group
DDI-DrugBank.d17.s14|57-65|diuretics|group
DDI-DrugBank.d17.s16|0-12|Hypoglycemics|group
DDI-DrugBank.d17.s17|10-18|diuretics|group
DDI-DrugBank.d17.s18|16-24|diabetics|group
DDI-DrugBank.d17.s19|0-6|insulin|drug
DDI-DrugBank.d17.s21|30-38|diuretics|group
DDI-DrugBank.d17.s22|0-10|Methenamine|drug
DDI-DrugBank.d17.s23|69-77|diuretics|group
DDI-DrugBank.d17.s23|112-116|urine|drug
DDI-DrugBank.d17.s24|13-29|anti-inflammatory|group
DDI-DrugBank.d17.s25|33-49|anti-inflammatory|group
DDI-DrugBank.d17.s25|99-114|antihypertensive|group
DDI-DrugBank.d17.s25|143-149|sparing|drug
DDI-DrugBank.d17.s25|165-173|diuretics|group
DDI-DrugBank.d17.s26|52-68|anti-inflammatory|group
DDI-DrugBank.d17.s26|143-151|determine|drug
DDI-DrugBank.d17.s27|0-13|Norepinephrine|drug
DDI-DrugBank.d17.s28|51-64|norepinephrine|drug
DDI-DrugBank.d17.s30|0-11|Tubocurarine|drug
DDI-DrugBank.d17.s31|51-62|tubocurarine|drug
DDI-DrugBank.d17.s32|69-73|urine|drug
DDI-DrugBank.d17.s32|264-272|diuretics|group
DDI-DrugBank.d17.s33|76-81|iodine|drug
DDI-DrugBank.d328.s1|105-108|role|drug
DDI-DrugBank.d328.s4|0-6|Aspirin|brand
DDI-DrugBank.d328.s4|39-45|aspirin|brand
DDI-DrugBank.d328.s5|23-35|anti-platelet|group
DDI-DrugBank.d328.s5|79-85|aspirin|brand
DDI-DrugBank.d328.s6|43-51|comparing|drug
DDI-DrugBank.d328.s8|60-75|antihypertensive|group
DDI-DrugBank.d328.s12|0-14|Anticonvulsants|group
DDI-DrugBank.d328.s14|66-81|pharmacokinetics|group
DDI-DrugBank.d328.s15|36-50|anticonvulsants|group
DDI-DrugBank.d328.s16|0-6|Routine|drug
DDI-DrugBank.d328.s16|115-128|anticonvulsant|group
DDI-DrugBank.d328.s17|0-15|Dextromethorphan|drug
DDI-DrugBank.d328.s17|18-33|Dextromethorphan|drug
DDI-DrugBank.d328.s18|94-109|dextromethorphan|drug
DDI-DrugBank.d328.s19|8-23|dextromethorphan|drug
DDI-DrugBank.d328.s19|103-108|5-fold|drug_n
DDI-DrugBank.d328.s22|70-85|pharmacokinetics|group
DDI-DrugBank.d328.s23|42-54|anticoagulant|group
DDI-DrugBank.d328.s23|66-73|warfarin|drug
DDI-DrugBank.d328.s24|78-87|R-warfarin|drug
DDI-DrugBank.d328.s24|93-102|S-warfarin|drug
DDI-DrugBank.d328.s24|207-214|warfarin|drug
DDI-DrugBank.d328.s26|143-150|warfarin|drug
DDI-DrugBank.d328.s27|0-10|Fluconazole|drug
DDI-DrugBank.d328.s27|16-27|Ketoconazole|drug
DDI-DrugBank.d328.s27|30-41|Ketoconazole|drug
DDI-DrugBank.d328.s27|47-57|fluconazole|drug
DDI-DrugBank.d328.s28|82-93|ketoconazole|drug
DDI-DrugBank.d328.s28|99-109|fluconazole|drug
DDI-DrugBank.d328.s29|79-89|fluconazole|drug
DDI-DrugBank.d328.s29|124-135|ketoconazole|drug
DDI-DrugBank.d328.s31|111-126|pharmacokinetics|group
DDI-DrugBank.d328.s32|69-71|2-7|drug_n
DDI-DrugBank.d328.s32|126-141|pharmacokinetics|group
DDI-DrugBank.d328.s32|161-176|pharmacodynamics|group
DDI-DrugBank.d328.s32|197-203|insulin|drug
DDI-DrugBank.d328.s33|69-71|2-7|drug_n
DDI-DrugBank.d328.s34|0-6|Insulin|drug
DDI-DrugBank.d328.s37|0-9|Omeprazole|drug
DDI-DrugBank.d328.s37|12-21|Omeprazole|drug
DDI-DrugBank.d328.s38|113-122|omeprazole|drug
DDI-DrugBank.d328.s39|55-64|omeprazole|drug
DDI-DrugBank.d328.s40|102-111|omeprazole|drug
DDI-DrugBank.d328.s41|51-60|omeprazole|drug
DDI-DrugBank.d328.s41|135-144|omeprazole|drug
DDI-DrugBank.d328.s42|63-72|omeprazole|drug
DDI-DrugBank.d328.s48|181-193|substantially|group
DDI-DrugBank.d339.s0|0-12|Carbamazepine|drug
DDI-DrugBank.d339.s0|24-36|carbamazepine|drug
DDI-DrugBank.d339.s1|65-77|carbamazepine|drug
DDI-DrugBank.d339.s2|13-26|Anticoagulants|group
DDI-DrugBank.d339.s3|79-83|urine|drug
DDI-DrugBank.d339.s4|88-92|urine|drug
DDI-DrugBank.d339.s6|96-106|antibiotics|group
DDI-DrugBank.d153.s0|60-70|epinephrine|drug
DDI-DrugBank.d153.s0|75-88|norepinephrine|drug
DDI-DrugBank.d153.s0|112-120|monoamine|drug
DDI-DrugBank.d153.s0|154-168|antidepressants|group
DDI-DrugBank.d153.s4|78-88|epinephrine|drug
DDI-DrugBank.d163.s0|54-60|vitamin|group
DDI-DrugBank.d163.s0|107-113|vitamin|group
DDI-DrugBank.d163.s0|138-144|vitamin|group
DDI-DrugBank.d163.s8|51-62|childbearing|drug
DDI-DrugBank.d163.s10|52-67|pharmacokinetics|group
DDI-DrugBank.d163.s16|9-23|Corticosteroids|group
DDI-DrugBank.d163.s16|35-49|corticosteroids|group
DDI-DrugBank.d163.s17|121-135|corticosteroids|group
DDI-DrugBank.d163.s22|51-62|childbearing|drug
DDI-DrugBank.d163.s22|108-112|urine|drug
DDI-DrugBank.d163.s26|70-74|urine|drug
DDI-DrugBank.d163.s29|0-5|Lipids|group
DDI-DrugBank.d163.s29|41-46|lipids|group
DDI-MedLine.d132.s0|73-86|antiretroviral|group
DDI-MedLine.d132.s1|101-114|antiretroviral|group
DDI-MedLine.d132.s3|57-65|comparing|drug
DDI-MedLine.d132.s3|101-110|nevirapine|drug
DDI-MedLine.d132.s3|115-125|delavirdine|drug
DDI-MedLine.d132.s4|19-28|nevirapine|drug
DDI-MedLine.d132.s4|79-87|indinavir|drug
DDI-MedLine.d132.s4|166-175|nevirapine|drug
DDI-MedLine.d132.s5|10-16|24-week|drug_n
DDI-MedLine.d132.s5|38-47|nevirapine|drug
DDI-MedLine.d132.s5|75-84|nelfinavir|drug
DDI-MedLine.d132.s10|44-53|nelfinavir|drug
DDI-DrugBank.d172.s6|90-100|fluconazole|drug
DDI-DrugBank.d172.s7|29-45|anti-inflammatory|group
DDI-DrugBank.d172.s8|29-44|pharmacokinetics|group
DDI-DrugBank.d172.s8|53-68|pharmacodynamics|group
DDI-DrugBank.d172.s8|84-95|ketoconazole|drug
DDI-DrugBank.d172.s8|123-133|tolbutamide|drug
DDI-DrugBank.d172.s8|140-147|warfarin|drug
DDI-DrugBank.d172.s9|61-76|antihypertensive|group
DDI-DrugBank.d172.s13|0-6|Aspirin|brand
DDI-DrugBank.d172.s13|44-50|aspirin|brand
DDI-DrugBank.d172.s14|39-45|aspirin|brand
DDI-DrugBank.d172.s15|74-80|aspirin|brand
DDI-DrugBank.d172.s16|0-10|Fluconazole|drug
DDI-DrugBank.d172.s16|43-53|fluconazole|drug
DDI-DrugBank.d172.s17|79-89|fluconazole|drug
DDI-DrugBank.d172.s17|120-135|Pharmacokinetics|group
DDI-DrugBank.d172.s18|83-93|fluconazole|drug
DDI-DrugBank.d172.s21|142-157|pharmacokinetics|group
DDI-DrugBank.d172.s22|41-54|anti-coagulant|group
DDI-DrugBank.d172.s22|66-73|warfarin|drug
DDI-DrugBank.d172.s22|143-145|2-5|drug_n
DDI-DrugBank.d172.s22|153-160|warfarin|drug
DDI-DrugBank.d172.s23|47-59|anticoagulant|group
DDI-DrugBank.d172.s23|71-78|warfarin|drug
DDI-DrugBank.d172.s24|65-72|warfarin|drug
DDI-DrugBank.d69.s0|7-16|Cerubidine|drug
DDI-DrugBank.d69.s1|0-9|Cerubidine|drug
DDI-DrugBank.d69.s1|130-139|Cerubidine|drug
DDI-DrugBank.d69.s2|0-15|Cyclophosphamide|drug
DDI-DrugBank.d69.s2|40-49|Cerubidine|drug
DDI-DrugBank.d69.s3|20-29|Cerubidine|drug
DDI-DrugBank.d357.s0|90-100|apomorphine|drug
DDI-DrugBank.d357.s0|160-170|apomorphine|drug
DDI-DrugBank.d357.s1|141-156|antihypertensive|group
DDI-DrugBank.d357.s3|0-7|Dopamine|drug
DDI-DrugBank.d357.s3|28-38|apomorphine|drug
DDI-DrugBank.d357.s3|45-52|dopamine|drug
DDI-DrugBank.d357.s3|83-90|dopamine|drug
DDI-DrugBank.d357.s3|117-128|neuroleptics|group
DDI-DrugBank.d357.s3|181-194|metoclopramide|drug
DDI-DrugBank.d357.s4|54-65|neuroleptics|group
DDI-DrugBank.d357.s4|91-98|dopamine|drug
DDI-DrugBank.d357.s5|82-92|apomorphine|drug
DDI-DrugBank.d706.s0|37-45|reserpine|drug
DDI-DrugBank.d706.s0|92-104|beta-blocking|group
DDI-DrugBank.d706.s1|67-79|catecholamine|drug
DDI-MedLine.d164.s0|38-55|antibody-dependent|group
DDI-MedLine.d164.s1|264-280|antiproliferative|group
DDI-MedLine.d164.s2|130-147|antibody-dependent|group
DDI-DrugBank.d635.s0|19-22|beta|group
DDI-DrugBank.d8.s0|160-170|depressants|group
DDI-DrugBank.d8.s0|209-215|opioids|group
DDI-DrugBank.d8.s0|240-250|anesthetics|group
DDI-DrugBank.d8.s3|80-90|anesthetics|group
DDI-DrugBank.d8.s3|201-212|erythromycin|drug
DDI-DrugBank.d8.s4|0-9|Cimetidine|drug
DDI-DrugBank.d223.s0|193-196|7-10|drug_n
DDI-DrugBank.d223.s2|79-93|antidepressants|group
DDI-DrugBank.d223.s3|126-131|8-fold|drug_n
DDI-DrugBank.d223.s6|96-104|quinidine|drug
DDI-DrugBank.d223.s7|0-9|cimetidine|drug
DDI-DrugBank.d223.s7|66-80|antidepressants|group
DDI-DrugBank.d223.s7|115-129|antiarrhythmics|group
DDI-DrugBank.d223.s8|95-104|fluoxetine|drug
DDI-DrugBank.d223.s8|107-116|sertraline|drug
DDI-DrugBank.d223.s8|123-132|paroxetine|drug
DDI-DrugBank.d223.s9|117-132|pharmacokinetics|group
DDI-DrugBank.d223.s11|120-129|fluoxetine|drug
DDI-DrugBank.d223.s12|29-43|antidepressants|group
DDI-DrugBank.d223.s12|166-179|antidepressant|group
DDI-DrugBank.d223.s13|108-121|antidepressant|group
DDI-DrugBank.d223.s16|42-50|quinidine|drug
DDI-DrugBank.d223.s22|0-9|Cimetidine|drug
DDI-DrugBank.d223.s22|12-21|Cimetidine|drug
DDI-DrugBank.d223.s22|146-160|antidepressants|group
DDI-DrugBank.d223.s23|8-22|anticholinergic|group
DDI-DrugBank.d223.s23|166-179|antidepressant|group
DDI-DrugBank.d223.s23|186-195|cimetidine|drug
DDI-DrugBank.d223.s24|45-58|antidepressant|group
DDI-DrugBank.d223.s24|133-142|cimetidine|drug
DDI-DrugBank.d223.s25|70-84|antidepressants|group
DDI-DrugBank.d223.s25|107-116|cimetidine|drug
DDI-DrugBank.d223.s25|146-155|cimetidine|drug
DDI-DrugBank.d223.s25|228-241|antidepressant|group
DDI-DrugBank.d223.s28|0-9|Tolazamide|drug
DDI-DrugBank.d223.s28|104-113|tolazamide|drug
DDI-DrugBank.d446.s0|35-49|antidepressants|group
DDI-DrugBank.d446.s0|52-58|aspirin|brand
DDI-DrugBank.d446.s0|75-87|bromocriptine|drug
DDI-DrugBank.d446.s0|111-125|corticosteroids|group
DDI-DrugBank.d446.s0|143-154|cyclosporine|drug
DDI-DrugBank.d446.s0|169-176|nicotine|drug
DDI-DrugBank.d446.s0|206-213|warfarin|drug
DDI-DrugBank.d546.s0|73-85|beta-blockers|group
DDI-DrugBank.d546.s1|109-120|beta-blocker|group
DDI-DrugBank.d546.s3|45-60|antihypertensive|group
DDI-DrugBank.d546.s3|139-147|diuretics|group
DDI-DrugBank.d109.s0|0-24|Ketoconazole/Itraconazole|drug
DDI-DrugBank.d109.s0|49-60|Erythromycin|drug
DDI-MedLine.d43.s0|98-103|murine|drug
DDI-MedLine.d43.s3|113-127|characteristics|group
DDI-MedLine.d43.s5|18-26|2003-2010|drug_n
DDI-MedLine.d43.s6|100-117|diethylnitrosamine|drug
DDI-DrugBank.d41.s0|0-13|Cholestyramine|drug
DDI-DrugBank.d41.s0|46-59|cholestyramine|drug
DDI-DrugBank.d41.s3|66-67|2-|drug_n
DDI-DrugBank.d41.s3|72-77|3-fold|drug_n
DDI-DrugBank.d41.s5|3-8|3-fold|drug_n
DDI-DrugBank.d41.s12|0-10|Tolbutamide|drug
DDI-DrugBank.d41.s12|112-122|tolbutamide|drug
DDI-DrugBank.d41.s16|72-79|warfarin|drug
DDI-DrugBank.d549.s0|114-123|nifedipine|drug
DDI-DrugBank.d549.s1|91-106|antihypertensive|group
DDI-DrugBank.d549.s2|135-148|anticoagulants|group
DDI-DrugBank.d549.s3|60-73|anticoagulants|group
DDI-DrugBank.d549.s3|76-84|diuretics|group
DDI-DrugBank.d549.s3|133-142|analgesics|group
DDI-DrugBank.d549.s3|145-156|antipyretics|group
DDI-DrugBank.d549.s3|172-189|antiinflammatories|group
DDI-DrugBank.d549.s3|192-206|corticosteroids|group
DDI-DrugBank.d549.s4|54-69|pharmacokinetics|group
DDI-DrugBank.d549.s5|50-65|pharmacokinetics|group
DDI-MedLine.d29.s0|79-89|cloxacillin|drug
DDI-MedLine.d29.s2|65-77|cephaloridine|drug
DDI-MedLine.d29.s3|3-11|determine|drug
DDI-MedLine.d29.s3|75-85|cloxacillin|drug
DDI-MedLine.d29.s3|124-134|cloxacillin|drug
DDI-MedLine.d29.s4|93-103|cloxacillin|drug
DDI-MedLine.d29.s6|27-37|cloxacillin|drug
DDI-MedLine.d29.s8|74-84|cloxacillin|drug
DDI-DrugBank.d141.s0|74-85|Erythromycin|drug
DDI-DrugBank.d141.s0|88-92|Azole|drug
DDI-DrugBank.d141.s2|89-98|cimetidine|drug
DDI-DrugBank.d141.s3|65-78|cholestyramine|drug
DDI-DrugBank.d141.s4|86-99|cholestyramine|drug
DDI-DrugBank.d141.s5|53-66|cholestyramine|drug
DDI-DrugBank.d141.s6|99-112|cholestyramine|drug
DDI-DrugBank.d141.s9|32-39|warfarin|drug
DDI-DrugBank.d141.s9|191-198|warfarin|drug
DDI-DrugBank.d141.s10|52-59|warfarin|drug
DDI-DrugBank.d141.s11|21-28|warfarin|drug
DDI-DrugBank.d141.s11|65-80|pharmacokinetics|group
DDI-DrugBank.d141.s12|176-187|erythromycin|drug
DDI-DrugBank.d141.s13|203-214|betablockers|group
DDI-DrugBank.d141.s13|243-251|diuretics|group
DDI-DrugBank.d141.s13|271-287|anti-inflammatory|group
DDI-DrugBank.d639.s0|79-90|ketoconazole|drug
DDI-DrugBank.d639.s0|93-104|itraconazole|drug
DDI-DrugBank.d639.s0|107-120|clarithromycin|drug
DDI-DrugBank.d639.s0|123-132|atazanavir|drug
DDI-DrugBank.d639.s0|135-143|indinavir|drug
DDI-DrugBank.d639.s0|158-167|nelfinavir|drug
DDI-DrugBank.d639.s0|170-178|ritonavir|drug
DDI-DrugBank.d639.s0|181-190|saquinavir|drug
DDI-DrugBank.d639.s0|193-205|telithromycin|drug
DDI-DrugBank.d639.s0|208-219|voriconizole|drug
DDI-DrugBank.d639.s2|96-108|carbamazepine|drug
DDI-DrugBank.d776.s2|51-63|hypoglycemics|group
DDI-DrugBank.d776.s2|80-93|anticoagulants|group
DDI-DrugBank.d776.s2|107-118|Cyclosporine|drug
DDI-DrugBank.d776.s2|131-142|Theophylline|drug
DDI-DrugBank.d776.s2|145-155|Terfenadine|drug
DDI-DrugBank.d776.s2|169-178|Astemizole|drug
DDI-DrugBank.d776.s2|240-252|hypoglycemics|group
DDI-DrugBank.d776.s4|35-45|tolbutamide|drug
DDI-DrugBank.d776.s6|14-27|anticoagulants|group
DDI-DrugBank.d776.s6|125-138|anticoagulants|group
DDI-DrugBank.d776.s7|44-48|azole|drug
DDI-DrugBank.d776.s7|50-60|antifungals|group
DDI-DrugBank.d776.s7|242-252|fluconazole|drug
DDI-DrugBank.d776.s7|272-279|warfarin|drug
DDI-DrugBank.d776.s8|88-101|anticoagulants|group
DDI-DrugBank.d776.s13|0-11|Cyclosporine|drug
DDI-DrugBank.d776.s13|50-61|cyclosporine|drug
DDI-DrugBank.d776.s14|22-33|cyclosporine|drug
DDI-DrugBank.d776.s14|60-69|creatinine|drug
DDI-DrugBank.d776.s14|121-132|cyclosporine|drug
DDI-DrugBank.d776.s18|0-11|Theophylline|drug
DDI-DrugBank.d776.s18|61-72|theophylline|drug
DDI-DrugBank.d776.s19|28-39|theophylline|drug
DDI-DrugBank.d776.s19|91-102|theophylline|drug
DDI-DrugBank.d776.s20|0-10|Terfenadine|drug
DDI-DrugBank.d776.s20|139-143|azole|drug
DDI-DrugBank.d776.s20|145-155|antifungals|group
DDI-DrugBank.d776.s20|177-187|terfenadine|drug
DDI-DrugBank.d776.s21|15-20|200-mg|drug_n
DDI-DrugBank.d776.s21|36-46|fluconazole|drug
DDI-DrugBank.d776.s22|19-24|400-mg|drug_n
DDI-DrugBank.d776.s22|30-35|800-mg|drug_n
DDI-DrugBank.d776.s22|51-61|fluconazole|drug
DDI-DrugBank.d776.s22|175-185|terfenadine|drug
DDI-DrugBank.d776.s23|20-30|fluconazole|drug
DDI-DrugBank.d776.s23|67-77|terfenadine|drug
DDI-DrugBank.d776.s24|24-34|fluconazole|drug
DDI-DrugBank.d776.s24|72-82|terfenadine|drug
DDI-DrugBank.d776.s25|103-113|fluconazole|drug
DDI-DrugBank.d776.s26|42-52|fluconazole|drug
DDI-DrugBank.d776.s27|20-30|fluconazole|drug
DDI-DrugBank.d776.s28|0-9|Astemizole|drug
DDI-DrugBank.d776.s28|23-33|fluconazole|drug
DDI-DrugBank.d776.s28|67-76|astemizole|drug
DDI-DrugBank.d776.s29|86-96|fluconazole|drug
DDI-DrugBank.d776.s31|66-76|fluconazole|drug
DDI-DrugBank.d776.s32|33-43|fluconazole|drug
DDI-DrugBank.d776.s33|74-84|fluconazole|drug
DDI-DrugBank.d776.s34|34-44|fluconazole|drug
DDI-DrugBank.d776.s35|74-84|fluconazole|drug
DDI-DrugBank.d776.s35|98-108|substantial|group
DDI-DrugBank.d776.s36|88-98|fluconazole|drug
DDI-DrugBank.d776.s36|110-120|fluconazole|drug
DDI-DrugBank.d776.s37|122-132|fluconazole|drug
DDI-DrugBank.d776.s37|183-196|benzodiazepine|drug
DDI-DrugBank.d776.s38|0-10|Fluconazole|drug
DDI-DrugBank.d776.s40|129-139|fluconazole|drug
DDI-DrugBank.d776.s41|29-39|fluconazole|drug
DDI-DrugBank.d776.s41|135-145|fluconazole|drug
DDI-DrugBank.d30.s0|128-135|warfarin|drug
DDI-DrugBank.d30.s0|138-147|cimetidine|drug
DDI-DrugBank.d30.s3|0-11|Ketoconazole|drug
DDI-DrugBank.d30.s3|130-141|erythromycin|drug
DDI-DrugBank.d30.s4|0-10|Fluconazole|drug
DDI-DrugBank.d30.s8|81-97|potassium-sparing|drug
DDI-DrugBank.d30.s8|99-107|diuretics|group
DDI-DrugBank.d30.s9|14-29|antihypertensive|group
DDI-DrugBank.d30.s9|43-58|antihypertensive|group
DDI-DrugBank.d30.s9|115-131|anti-inflammatory|group
DDI-DrugBank.d630.s0|0-12|Methazolamide|drug
DDI-DrugBank.d630.s1|52-58|aspirin|brand
DDI-DrugBank.d630.s1|64-76|methazolamide|drug
DDI-DrugBank.d630.s1|195-201|aspirin|brand
DDI-MedLine.d100.s3|42-54|phospholipids|group
DDI-MedLine.d100.s4|0-8|Adenosine|drug
DDI-MedLine.d100.s5|64-73|nifedipine|drug
DDI-MedLine.d100.s7|105-117|antiaggregant|group
DDI-MedLine.d100.s7|119-130|prostacyclin|drug
DDI-DrugBank.d475.s0|43-52|nizatidine|drug
DDI-DrugBank.d475.s0|58-69|theophylline|drug
DDI-DrugBank.d475.s0|101-109|lidocaine|drug
DDI-DrugBank.d475.s0|127-134|warfarin|drug
DDI-DrugBank.d475.s1|0-9|Nizatidine|drug
DDI-DrugBank.d475.s3|47-53|aspirin|brand
DDI-DrugBank.d475.s3|114-123|nizatidine|drug
DDI-DrugBank.d197.s1|0-38|Anesthetics/Sedatives/Hypnotics/Opioids|group
DDI-DrugBank.d197.s1|76-86|anesthetics|group
DDI-DrugBank.d197.s1|100-108|hypnotics|group
DDI-DrugBank.d197.s1|115-121|opioids|group
DDI-DrugBank.d197.s3|40-54|dexmedetomidine|drug
DDI-DrugBank.d308.s1|38-48|depressants|group
DDI-DrugBank.d308.s1|86-96|hydroxyzine|drug
DDI-DrugBank.d171.s0|144-157|anticoagulants|group
DDI-DrugBank.d171.s0|184-193|nifedipine|drug
DDI-DrugBank.d171.s0|242-256|antidepressants|group
DDI-DrugBank.d171.s0|259-267|lidocaine|drug
DDI-DrugBank.d171.s0|270-281|theophylline|drug
DDI-DrugBank.d171.s0|287-299|metronidazole|drug
DDI-DrugBank.d171.s1|59-66|warfarin|drug
DDI-DrugBank.d171.s1|68-81|anticoagulants|group
DDI-DrugBank.d171.s2|86-98|anticoagulant|group
DDI-DrugBank.d171.s3|28-36|lidocaine|drug
DDI-DrugBank.d171.s3|42-53|theophylline|drug
DDI-DrugBank.d171.s4|146-157|theophylline|drug
DDI-DrugBank.d171.s4|243-254|theophylline|drug
DDI-DrugBank.d171.s6|30-41|theophylline|drug
DDI-DrugBank.d171.s8|63-74|ketoconazole|drug
DDI-DrugBank.d171.s9|75-84|cimetidine|drug
DDI-DrugBank.d766.s1|133-144|erythromycin|drug
DDI-DrugBank.d766.s1|168-179|ketoconazole|drug
DDI-DrugBank.d766.s1|186-196|fluconazole|drug
DDI-DrugBank.d766.s2|56-65|cimetidine|drug
DDI-DrugBank.d766.s2|134-146|acetaminophen|drug
DDI-DrugBank.d766.s3|59-67|imidazole|drug
DDI-DrugBank.d766.s3|76-87|clotrimazole|drug
DDI-DrugBank.d766.s3|90-101|ketoconazole|drug
DDI-DrugBank.d766.s3|104-113|miconazole|drug
DDI-MedLine.d23.s0|15-22|ketamine|drug
DDI-MedLine.d23.s1|65-72|ketamine|drug
DDI-MedLine.d23.s1|227-234|ketamine|drug
DDI-MedLine.d23.s2|120-127|ketamine|drug
DDI-DrugBank.d395.s2|0-7|Caffeine|drug
DDI-DrugBank.d395.s3|103-110|caffeine|drug
DDI-DrugBank.d395.s3|149-156|caffeine|drug
DDI-DrugBank.d395.s3|239-246|caffeine|drug
DDI-DrugBank.d395.s4|56-63|caffeine|drug
DDI-DrugBank.d395.s5|69-76|caffeine|drug
DDI-DrugBank.d395.s6|0-11|Cyclosporine|drug
DDI-DrugBank.d395.s6|39-50|cyclosporine|drug
DDI-DrugBank.d395.s6|95-106|cyclosporine|drug
DDI-DrugBank.d395.s9|14-30|anti-inflammatory|group
DDI-DrugBank.d395.s9|132-148|anti-inflammatory|group
DDI-DrugBank.d395.s12|15-22|antacids|group
DDI-DrugBank.d395.s13|45-52|antacids|group
DDI-DrugBank.d395.s16|8-20|multivitamins|group
DDI-DrugBank.d395.s16|42-54|substantially|group
DDI-DrugBank.d395.s17|0-7|Antacids|group
DDI-DrugBank.d395.s18|80-89|ranitidine|drug
DDI-DrugBank.d395.s20|0-11|Theophylline|drug
DDI-DrugBank.d395.s21|43-54|theophylline|drug
DDI-DrugBank.d395.s21|107-118|theophylline|drug
DDI-DrugBank.d395.s21|178-189|theophylline|drug
DDI-DrugBank.d395.s22|68-79|theophylline|drug
DDI-DrugBank.d395.s23|68-77|R-warfarin|drug
DDI-DrugBank.d395.s23|114-121|warfarin|drug
DDI-DrugBank.d395.s24|133-140|warfarin|drug
DDI-DrugBank.d395.s25|95-102|warfarin|drug
DDI-DrugBank.d186.s3|14-26|antipsychotic|group
DDI-DrugBank.d186.s3|102-112|depressants|group
DDI-DrugBank.d186.s3|122-132|anesthetics|group
DDI-DrugBank.d186.s4|218-225|baseline|drug
DDI-DrugBank.d514.s0|0-6|Opioids|group
DDI-DrugBank.d514.s0|42-52|depressants|group
DDI-DrugBank.d514.s1|49-59|depressants|group
DDI-DrugBank.d514.s2|104-114|depressants|group
DDI-DrugBank.d514.s4|0-6|Cocaine|drug
DDI-DrugBank.d744.s0|63-69|insulin|drug
DDI-DrugBank.d744.s1|33-39|opioids|group
DDI-DrugBank.d744.s1|172-178|opioids|group
DDI-DrugBank.d250.s0|14-24|antibiotics|group
DDI-DrugBank.d250.s2|18-26|relaxants|group
DDI-DrugBank.d250.s2|33-44|tubocurarine|drug
DDI-DrugBank.d250.s2|81-95|succinylcholine|drug
DDI-DrugBank.d250.s2|98-106|gallamine|drug
DDI-DrugBank.d269.s1|103-111|quinidine|drug
DDI-DrugBank.d269.s1|114-123|fluoxetine|drug
DDI-DrugBank.d269.s1|126-135|paroxetine|drug
DDI-DrugBank.d269.s1|249-258|enantiomer|group
DDI-DrugBank.d269.s2|243-252|enantiomer|group
DDI-DrugBank.d269.s3|137-145|reserpine|drug
DDI-DrugBank.d269.s3|151-159|monoamine|drug
DDI-DrugBank.d269.s4|0-8|Clonidine|drug
DDI-DrugBank.d269.s4|41-49|clonidine|drug
DDI-DrugBank.d269.s5|70-78|clonidine|drug
DDI-DrugBank.d269.s6|0-8|Clonidine|drug
DDI-DrugBank.d269.s7|0-11|Cyclosporine|drug
DDI-DrugBank.d269.s7|46-57|cyclosporine|drug
DDI-DrugBank.d269.s8|38-49|cyclosporine|drug
DDI-DrugBank.d269.s8|90-101|cyclosporine|drug
DDI-DrugBank.d269.s9|42-53|cyclosporine|drug
DDI-DrugBank.d269.s10|96-107|cyclosporine|drug
DDI-DrugBank.d269.s10|205-216|cyclosporine|drug
DDI-DrugBank.d269.s15|0-9|Cimetidine|drug
DDI-DrugBank.d269.s18|0-6|Insulin|drug
DDI-DrugBank.d269.s18|16-28|Hypoglycemics|group
DDI-DrugBank.d269.s18|112-118|insulin|drug
DDI-DrugBank.d269.s18|129-141|hypoglycemics|group
DDI-DrugBank.d269.s19|30-36|insulin|drug
DDI-DrugBank.d269.s19|46-58|hypoglycemics|group
DDI-DrugBank.d525.s0|51-66|pharmacokinetics|group
DDI-DrugBank.d525.s0|87-102|pharmacodynamics|group
DDI-DrugBank.d525.s0|107-114|warfarin|drug
DDI-DrugBank.d525.s2|149-160|ketoconazole|drug
DDI-DrugBank.d525.s2|166-176|fluconazole|drug
DDI-DrugBank.d525.s2|277-292|pharmacokinetics|group
DDI-DrugBank.d525.s3|0-9|Ranitidine|drug
DDI-DrugBank.d525.s3|44-59|pharmacokinetics|group
DDI-DrugBank.d525.s5|143-152|nifedipine|drug
DDI-DrugBank.d359.s2|44-56|antiepileptic|group
DDI-DrugBank.d359.s2|87-100|anticoagulants|group
DDI-DrugBank.d359.s3|136-149|anticoagulants|group
DDI-DrugBank.d359.s4|25-38|anticoagulants|group
DDI-DrugBank.d359.s5|100-113|anticoagulants|group
DDI-DrugBank.d359.s6|88-101|anticoagulants|group
DDI-DrugBank.d81.s0|26-35|isradipine|drug
DDI-DrugBank.d81.s1|114-123|isradipine|drug
DDI-DrugBank.d81.s1|177-192|pharmacoktnetics|group
DDI-DrugBank.d81.s2|49-58|isradipine|drug
DDI-DrugBank.d81.s2|154-163|isradipine|drug
DDI-DrugBank.d81.s2|183-198|antihypertensive|group
DDI-DrugBank.d81.s3|152-161|isradipine|drug
DDI-DrugBank.d81.s5|51-60|isradipine|drug
DDI-DrugBank.d81.s6|165-174|isradipine|drug
DDI-DrugBank.d81.s6|287-296|isradipine|drug
DDI-DrugBank.d81.s7|0-9|Cimetidine|drug
DDI-DrugBank.d81.s7|67-76|cimetidine|drug
DDI-DrugBank.d81.s7|122-131|isradipine|drug
DDI-DrugBank.d81.s7|172-181|isradipine|drug
DDI-DrugBank.d81.s8|3-12|isradipine|drug
DDI-DrugBank.d81.s8|68-77|cimetidine|drug
DDI-DrugBank.d81.s9|125-134|isradipine|drug
DDI-DrugBank.d81.s9|163-172|isradipine|drug
DDI-DrugBank.d81.s10|35-44|isradipine|drug
DDI-DrugBank.d81.s10|197-206|isradipine|drug
DDI-DrugBank.d81.s11|122-131|isradipine|drug
DDI-DrugBank.d81.s11|145-152|warfarin|drug
DDI-DrugBank.d81.s11|193-200|warfarin|drug
DDI-DrugBank.d81.s11|302-311|isradipine|drug
DDI-DrugBank.d81.s12|16-23|warfarin|drug
DDI-DrugBank.d81.s12|29-38|isradipine|drug
DDI-DrugBank.d81.s13|54-63|isradipine|drug
DDI-DrugBank.d81.s14|111-114|beta|group
DDI-DrugBank.d81.s15|85-94|isradipine|drug
DDI-DrugBank.d81.s15|133-138|fluids|group
DDI-DrugBank.d124.s3|8-16|ritonavir|drug
DDI-DrugBank.d124.s3|102-110|ritonavir|drug
DDI-DrugBank.d124.s4|18-27|saquinavir|drug
DDI-DrugBank.d124.s5|14-23|saquinavir|drug
DDI-DrugBank.d124.s6|63-78|pharmacokinetics|group
DDI-DrugBank.d124.s6|83-92|saquinavir|drug
DDI-DrugBank.d124.s7|11-20|saquinavir|drug
DDI-DrugBank.d124.s7|44-59|pharmacokinetics|group
DDI-DrugBank.d124.s9|81-89|ritonavir|drug
DDI-DrugBank.d124.s12|45-62|INVIRASE/Ritonavir|drug
DDI-DrugBank.d124.s14|0-14|Antiarrhythmics|group
DDI-DrugBank.d124.s14|29-36|bepridil|drug
DDI-DrugBank.d124.s14|64-72|quinidine|drug
DDI-DrugBank.d124.s15|16-25|astemizole|drug
DDI-DrugBank.d124.s15|29-39|terfenadine|drug
DDI-DrugBank.d124.s16|19-35|Dihydroergotamine|drug
DDI-DrugBank.d124.s16|38-47|ergonovine|drug
DDI-DrugBank.d124.s16|50-59|ergotamine|drug
DDI-DrugBank.d124.s16|62-77|methylergonovine|drug
DDI-DrugBank.d124.s17|99-108|saquinavir|drug
DDI-DrugBank.d124.s17|116-129|antiretroviral|group
DDI-DrugBank.d124.s17|176-185|saquinavir|drug
DDI-DrugBank.d124.s18|64-73|saquinavir|drug
DDI-DrugBank.d124.s18|94-97|sole|drug
DDI-DrugBank.d124.s18|147-156|saquinavir|drug
DDI-DrugBank.d124.s19|50-67|INVIRASE/ritonavir|drug
DDI-DrugBank.d124.s19|72-90|FORTOVASE/ritonavir|drug
DDI-DrugBank.d124.s23|0-18|Sedatives/Hypnotics|group
DDI-DrugBank.d124.s26|157-168|disopyramide|drug
DDI-DrugBank.d124.s26|171-177|quinine|drug
DDI-DrugBank.d124.s26|192-200|quinidine|drug
DDI-DrugBank.d124.s26|203-210|warfarin|drug
DDI-DrugBank.d124.s26|225-236|cyclosporine|drug
DDI-DrugBank.d124.s26|268-280|carbamazepine|drug
DDI-DrugBank.d124.s26|397-406|saquinavir|drug
DDI-DrugBank.d124.s28|38-46|ritonavir|drug
DDI-DrugBank.d124.s28|53-61|ritonavir|drug
DDI-DrugBank.d124.s30|113-125|carbamazepine|drug
DDI-DrugBank.d124.s30|169-178|saquinavir|drug
DDI-DrugBank.d219.s0|60-75|antihypertensive|group
DDI-DrugBank.d219.s2|0-7|Antacids|group
DDI-DrugBank.d219.s2|44-51|antacids|group
DDI-DrugBank.d219.s2|107-112|Lodine|drug
DDI-DrugBank.d219.s3|9-16|antacids|group
DDI-DrugBank.d219.s4|0-6|Aspirin|brand
DDI-DrugBank.d219.s4|14-19|Lodine|drug
DDI-DrugBank.d219.s4|42-48|aspirin|brand
DDI-DrugBank.d219.s6|61-66|Lodine|drug
DDI-DrugBank.d219.s6|72-78|aspirin|brand
DDI-DrugBank.d219.s7|0-11|Cyclosporine|drug
DDI-DrugBank.d219.s7|36-41|Lodine|drug
DDI-DrugBank.d219.s7|192-203|cyclosporine|drug
DDI-DrugBank.d219.s8|31-42|cyclosporine|drug
DDI-DrugBank.d219.s9|45-50|Lodine|drug
DDI-DrugBank.d219.s10|0-8|Diuretics|group
DDI-DrugBank.d219.s11|86-91|Lodine|drug
DDI-DrugBank.d219.s22|25-32|warfarin|drug
DDI-DrugBank.d219.s23|88-95|warfarin|drug
DDI-DrugBank.d219.s23|101-106|Lodine|drug
DDI-DrugBank.d219.s23|179-186|warfarin|drug
DDI-DrugBank.d219.s23|238-245|warfarin|drug
DDI-DrugBank.d219.s24|69-76|warfarin|drug
DDI-DrugBank.d219.s24|101-108|warfarin|drug
DDI-DrugBank.d219.s24|128-133|Lodine|drug
DDI-DrugBank.d219.s25|31-38|warfarin|drug
DDI-DrugBank.d219.s25|44-49|Lodine|drug
DDI-DrugBank.d219.s26|196-203|warfarin|drug
DDI-DrugBank.d219.s27|38-42|urine|drug
DDI-DrugBank.d219.s27|65-70|Lodine|drug
DDI-DrugBank.d219.s27|130-137|urobilin|drug
DDI-DrugBank.d219.s28|66-70|urine|drug
DDI-DrugBank.d219.s28|143-148|Lodine|drug
DDI-DrugBank.d219.s31|0-5|Lodine|drug
DDI-MedLine.d179.s1|58-67|anti-tumor|group
DDI-MedLine.d179.s6|70-87|anti-proliferative|group
DDI-MedLine.d179.s6|163-172|anti-tumor|group
DDI-MedLine.d179.s10|37-54|anti-proliferative|group
DDI-DrugBank.d489.s0|83-98|pharmacokinetics|group
DDI-DrugBank.d489.s0|101-110|cimetidine|drug
DDI-DrugBank.d489.s0|113-122|nifedipine|drug
DDI-DrugBank.d489.s1|52-64|anticoagulant|group
DDI-DrugBank.d489.s1|66-73|warfarin|drug
DDI-DrugBank.d489.s1|112-124|anticoagulant|group
DDI-DrugBank.d489.s1|136-143|warfarin|drug
DDI-DrugBank.d489.s2|37-45|reserpine|drug
DDI-DrugBank.d489.s2|92-104|beta-blocking|group
DDI-DrugBank.d489.s3|24-38|beta-adrenergic|group
DDI-DrugBank.d489.s3|71-83|catecholamine|drug
DDI-DrugBank.d489.s4|66-78|beta-blockers|group
DDI-DrugBank.d489.s4|84-92|clonidine|drug
DDI-DrugBank.d489.s4|112-123|beta-blocker|group
DDI-DrugBank.d489.s4|206-214|clonidine|drug
DDI-DrugBank.d489.s5|89-103|beta-adrenergic|group
DDI-DrugBank.d489.s6|116-130|beta-adrenergic|group
DDI-DrugBank.d489.s7|70-84|dihydropyridine|drug
DDI-DrugBank.d489.s7|104-113|nifedipine|drug
DDI-DrugBank.d489.s8|69-81|beta-blockers|group
DDI-DrugBank.d489.s8|104-114|epinephrine|drug
DDI-DrugBank.d489.s8|156-168|beta-blockers|group
DDI-DrugBank.d489.s9|224-236|beta-blockers|group
DDI-DrugBank.d489.s10|56-66|epinephrine|drug
DDI-DrugBank.d622.s0|5-12|atropine|drug
DDI-DrugBank.d622.s0|189-196|atropine|drug
DDI-DrugBank.d622.s1|45-52|atropine|drug
DDI-DrugBank.d622.s2|75-92|anticholinesterase|group
DDI-DrugBank.d622.s2|209-227|anticholinesterases|group
DDI-DrugBank.d622.s3|0-7|morphine|drug
DDI-DrugBank.d622.s3|10-21|theophylline|drug
DDI-DrugBank.d622.s3|24-36|aminophylline|drug
DDI-DrugBank.d622.s3|39-53|succinylcholine|drug
DDI-DrugBank.d622.s3|56-64|reserpine|drug
DDI-DrugBank.d278.s0|93-108|pharmacokinetics|group
DDI-MedLine.d138.s0|33-44|antidiuretic|group
DDI-DrugBank.d737.s0|62-77|pharmacokinetics|group
DDI-DrugBank.d737.s0|82-92|pramipexole|drug
DDI-DrugBank.d737.s2|0-9|Selegiline|drug
DDI-DrugBank.d737.s2|43-52|selegiline|drug
DDI-DrugBank.d737.s2|76-91|pharmacokinetics|group
DDI-DrugBank.d737.s2|96-106|pramipexole|drug
DDI-DrugBank.d737.s3|0-9|Amantadine|drug
DDI-DrugBank.d737.s3|62-71|amantadine|drug
DDI-DrugBank.d737.s3|116-126|pramipexole|drug
DDI-DrugBank.d737.s4|0-9|Cimetidine|drug
DDI-DrugBank.d737.s4|12-21|Cimetidine|drug
DDI-DrugBank.d737.s4|146-156|pramipexole|drug
DDI-DrugBank.d737.s5|80-84|acids|group
DDI-DrugBank.d737.s5|144-154|pramipexole|drug
DDI-DrugBank.d737.s5|156-171|pharmacokinetics|group
DDI-DrugBank.d737.s6|178-187|cimetidine|drug
DDI-DrugBank.d737.s6|190-199|ranitidine|drug
DDI-DrugBank.d737.s6|237-245|quinidine|drug
DDI-DrugBank.d737.s6|252-258|quinine|drug
DDI-DrugBank.d737.s6|293-303|pramipexole|drug
DDI-DrugBank.d737.s6|447-460|chlorpropamide|drug
DDI-DrugBank.d737.s6|521-531|pramipexole|drug
DDI-DrugBank.d737.s7|88-98|pramipexole|drug
DDI-DrugBank.d737.s7|120-130|pramipexole|drug
DDI-DrugBank.d737.s8|0-10|Pramipexole|drug
DDI-DrugBank.d737.s9|80-90|pramipexole|drug
DDI-DrugBank.d737.s10|0-7|Dopamine|drug
DDI-DrugBank.d737.s10|28-38|pramipexole|drug
DDI-DrugBank.d737.s10|45-52|dopamine|drug
DDI-DrugBank.d737.s10|83-90|dopamine|drug
DDI-DrugBank.d737.s10|117-128|neuroleptics|group
DDI-DrugBank.d737.s10|181-194|metoclopramide|drug
DDI-DrugBank.d632.s0|150-164|anticholinergic|group
DDI-DrugBank.d632.s0|181-188|atropine|drug
DDI-DrugBank.d632.s3|116-125|analgesics|group
DDI-DrugBank.d632.s5|88-95|kinetics|group
DDI-DrugBank.d632.s5|105-116|antidiabetic|group
DDI-DrugBank.d632.s6|18-24|Insulin|drug
DDI-DrugBank.d632.s6|163-169|insulin|drug
DDI-DrugBank.d632.s7|17-23|insulin|drug
DDI-DrugBank.d515.s0|102-111|ifosfamide|drug
DDI-DrugBank.d515.s0|125-134|ifosfamide|drug
DDI-DrugBank.d97.s0|0-8|Indinavir|drug
DDI-DrugBank.d97.s2|0-8|Indinavir|drug
DDI-DrugBank.d97.s3|81-89|indinavir|drug
DDI-DrugBank.d97.s3|138-146|indinavir|drug
DDI-DrugBank.d97.s4|95-103|indinavir|drug
DDI-DrugBank.d97.s4|158-166|indinavir|drug
DDI-DrugBank.d97.s8|0-14|Antiarrhythmics|group
DDI-DrugBank.d97.s10|19-35|dihydroergotamine|drug
DDI-DrugBank.d97.s10|38-47|ergonovine|drug
DDI-DrugBank.d97.s10|50-59|ergotamine|drug
DDI-DrugBank.d97.s10|62-77|methylergonovine|drug
DDI-DrugBank.d97.s12|0-17|Sedative/hypnotics|group
DDI-DrugBank.d97.s21|138-151|antiretroviral|group
DDI-DrugBank.d97.s24|20-29|atazanavir|drug
DDI-DrugBank.d97.s25|18-27|atazanavir|drug
DDI-DrugBank.d97.s26|87-96|atazanavir|drug
DDI-DrugBank.d97.s33|0-10|Delavirdine|drug
DDI-DrugBank.d97.s34|0-8|indinavir|drug
DDI-DrugBank.d97.s35|84-94|delavirdine|drug
DDI-DrugBank.d97.s36|0-9|Didanosine|drug
DDI-DrugBank.d97.s37|0-8|Indinavir|drug
DDI-DrugBank.d97.s37|14-23|didanosine|drug
DDI-DrugBank.d97.s39|0-8|indinavir|drug
DDI-DrugBank.d97.s40|20-28|indinavir|drug
DDI-DrugBank.d97.s41|15-23|indinavir|drug
DDI-DrugBank.d97.s41|93-101|indinavir|drug
DDI-DrugBank.d97.s42|0-9|Nelfinavir|drug
DDI-DrugBank.d97.s43|0-8|indinavir|drug
DDI-DrugBank.d97.s45|0-9|Nevirapine|drug
DDI-DrugBank.d97.s46|0-8|indinavir|drug
DDI-DrugBank.d97.s47|0-8|Indinavir|drug
DDI-DrugBank.d97.s47|61-70|nevirapine|drug
DDI-DrugBank.d97.s49|0-8|Ritonavir|drug
DDI-DrugBank.d97.s50|0-8|indinavir|drug
DDI-DrugBank.d97.s50|26-34|ritonavir|drug
DDI-DrugBank.d97.s52|104-112|indinavir|drug
DDI-DrugBank.d97.s52|134-142|ritonavir|drug
DDI-DrugBank.d97.s53|0-9|Saquinavir|drug
DDI-DrugBank.d97.s54|0-9|saquinavir|drug
DDI-DrugBank.d97.s57|0-14|Antiarrhythmics|group
DDI-DrugBank.d97.s57|17-24|bepridil|drug
DDI-DrugBank.d97.s57|27-35|lidocaine|drug
DDI-DrugBank.d97.s57|52-60|quinidine|drug
DDI-DrugBank.d97.s58|0-13|antiarrhythmic|group
DDI-DrugBank.d97.s59|81-95|antiarrhythmics|group
DDI-DrugBank.d97.s60|0-14|Anticonvulsants|group
DDI-DrugBank.d97.s60|17-29|carbamazepine|drug
DDI-DrugBank.d97.s61|0-8|indinavir|drug
DDI-DrugBank.d97.s63|47-55|indinavir|drug
DDI-DrugBank.d97.s64|26-40|Dihydropyridine|drug
DDI-DrugBank.d97.s64|49-58|felodipine|drug
DDI-DrugBank.d97.s64|61-70|nifedipine|drug
DDI-DrugBank.d97.s64|73-83|nicardipine|drug
DDI-DrugBank.d97.s65|0-14|dihydropyridine|drug
DDI-DrugBank.d97.s67|0-13|Clarithromycin|drug
DDI-DrugBank.d97.s68|0-13|clarithromycin|drug
DDI-DrugBank.d97.s68|31-39|indinavir|drug
DDI-DrugBank.d97.s73|0-17|Immunosuppressants|group
DDI-DrugBank.d97.s73|20-31|cyclosporine|drug
DDI-DrugBank.d97.s76|0-11|Itraconazole|drug
DDI-DrugBank.d97.s77|0-8|indinavir|drug
DDI-DrugBank.d97.s78|85-96|itraconazole|drug
DDI-DrugBank.d97.s79|0-11|Ketoconazole|drug
DDI-DrugBank.d97.s80|0-8|indinavir|drug
DDI-DrugBank.d97.s83|0-8|indinavir|drug
DDI-DrugBank.d97.s84|104-109|333-mg|drug_n
DDI-DrugBank.d97.s87|58-60|48-|drug_n
DDI-DrugBank.d97.s87|108-116|indinavir|drug
DDI-DrugBank.d97.s90|57-59|72-|drug_n
DDI-DrugBank.d97.s90|107-115|indinavir|drug
DDI-DrugBank.d97.s93|59-65|24-hour|drug_n
DDI-DrugBank.d97.s93|108-116|indinavir|drug
DDI-DrugBank.d181.s0|18-26|oxytocics|group
DDI-DrugBank.d181.s0|73-79|uterine|drug
DDI-DrugBank.d181.s0|110-116|uterine|drug
DDI-DrugBank.d658.s0|78-91|anticoagulants|group
DDI-DrugBank.d658.s1|19-31|anticoagulant|group
DDI-DrugBank.d658.s2|213-219|24-hour|drug_n
DDI-DrugBank.d658.s2|242-249|creatine|drug
DDI-DrugBank.d658.s2|255-269|17-ketosteroids|group
DDI-DrugBank.d287.s0|0-9|Cevimeline|drug
DDI-DrugBank.d287.s0|66-69|beta|group
DDI-DrugBank.d287.s1|70-79|cevimeline|drug
DDI-DrugBank.d287.s2|0-9|Cevimeline|drug
DDI-DrugBank.d287.s2|42-55|antimuscarinic|group
DDI-DrugBank.d287.s3|71-80|cevimeline|drug
DDI-DrugBank.d287.s4|0-9|Cevimeline|drug
DDI-DrugBank.d287.s5|120-129|cevimeline|drug
DDI-DrugBank.d509.s0|56-67|aripiprazole|drug
DDI-DrugBank.d509.s2|0-1|1-|drug_n
DDI-DrugBank.d509.s2|35-46|aripiprazole|drug
DDI-DrugBank.d509.s2|99-114|antihypertensive|group
DDI-DrugBank.d509.s3|44-55|Aripiprazole|drug
DDI-DrugBank.d509.s4|0-11|Aripiprazole|drug
DDI-DrugBank.d509.s5|37-48|aripiprazole|drug
DDI-DrugBank.d509.s6|43-54|aripiprazole|drug
DDI-DrugBank.d509.s7|31-43|carbamazepine|drug
DDI-DrugBank.d509.s7|73-84|aripiprazole|drug
DDI-DrugBank.d509.s8|26-37|ketoconazole|drug
DDI-DrugBank.d509.s8|55-63|quinidine|drug
DDI-DrugBank.d509.s8|66-75|fluoxetine|drug
DDI-DrugBank.d509.s8|81-90|paroxetine|drug
DDI-DrugBank.d509.s8|105-116|aripiprazole|drug
DDI-DrugBank.d509.s9|0-11|Ketoconazole|drug
DDI-DrugBank.d509.s9|34-45|ketoconazole|drug
DDI-DrugBank.d509.s9|79-83|15-mg|drug_n
DDI-DrugBank.d509.s9|100-111|aripiprazole|drug
DDI-DrugBank.d509.s9|134-145|aripiprazole|drug
DDI-DrugBank.d509.s10|23-34|ketoconazole|drug
DDI-DrugBank.d509.s11|35-46|ketoconazole|drug
DDI-DrugBank.d509.s11|53-64|aripiprazole|drug
DDI-DrugBank.d509.s11|74-85|aripiprazole|drug
DDI-DrugBank.d509.s12|35-46|itraconazole|drug
DDI-DrugBank.d509.s13|19-30|erythromycin|drug
DDI-DrugBank.d509.s14|69-80|aripiprazole|drug
DDI-DrugBank.d509.s15|0-8|Quinidine|drug
DDI-DrugBank.d509.s15|33-37|10-mg|drug_n
DDI-DrugBank.d509.s15|54-65|aripiprazole|drug
DDI-DrugBank.d509.s15|72-80|quinidine|drug
DDI-DrugBank.d509.s15|159-170|aripiprazole|drug
DDI-DrugBank.d509.s15|228-246|dehydroaripiprazole|drug
DDI-DrugBank.d509.s16|0-11|Aripiprazole|drug
DDI-DrugBank.d509.s16|102-110|quinidine|drug
DDI-DrugBank.d509.s16|117-128|aripiprazole|drug
DDI-DrugBank.d509.s17|48-57|fluoxetine|drug
DDI-DrugBank.d509.s17|62-71|paroxetine|drug
DDI-DrugBank.d509.s18|69-80|aripiprazole|drug
DDI-DrugBank.d509.s19|0-12|Carbamazepine|drug
DDI-DrugBank.d509.s19|35-47|carbamazepine|drug
DDI-DrugBank.d509.s19|93-104|aripiprazole|drug
DDI-DrugBank.d509.s19|188-199|aripiprazole|drug
DDI-DrugBank.d509.s19|228-247|dehydro-aripiprazole|drug
DDI-DrugBank.d509.s20|5-17|carbamazepine|drug
DDI-DrugBank.d509.s20|31-42|aripiprazole|drug
DDI-DrugBank.d509.s20|53-64|aripiprazole|drug
DDI-DrugBank.d509.s22|5-17|carbamazepine|drug
DDI-DrugBank.d509.s22|62-73|aripiprazole|drug
DDI-DrugBank.d509.s23|36-45|famotidine|drug
DDI-DrugBank.d509.s23|86-101|pharmacokinetics|group
DDI-DrugBank.d509.s23|106-117|aripiprazole|drug
DDI-DrugBank.d509.s24|44-55|Aripiprazole|drug
DDI-DrugBank.d509.s25|20-22|10-|drug_n
DDI-DrugBank.d509.s25|27-35|30-mg/day|drug_n
DDI-DrugBank.d509.s25|46-57|aripiprazole|drug
DDI-DrugBank.d509.s25|110-125|dextromethorphan|drug
DDI-DrugBank.d509.s25|137-144|warfarin|drug
DDI-DrugBank.d509.s25|157-166|omeprazole|drug
DDI-DrugBank.d509.s25|169-176|warfarin|drug
DDI-DrugBank.d509.s25|192-207|dextromethorphan|drug
DDI-DrugBank.d509.s26|14-25|aripiprazole|drug
DDI-DrugBank.d509.s26|31-49|dehydroaripiprazole|drug
DDI-DrugBank.d509.s27|53-64|aripiprazole|drug
DDI-MedLine.d193.s1|64-75|antiplatelet|group
DDI-MedLine.d193.s1|105-111|aspirin|brand
DDI-DrugBank.d19.s6|49-62|anticoagulants|group
DDI-DrugBank.d19.s9|213-223|nitrosamine|drug
DDI-DrugBank.d318.s2|0-14|Corticosteroids|group
DDI-DrugBank.d318.s7|0-10|Flucytosine|drug
DDI-DrugBank.d318.s7|130-140|flucytosine|drug
DDI-DrugBank.d318.s8|19-30|ketoconazole|drug
DDI-DrugBank.d318.s8|33-42|miconazole|drug
DDI-DrugBank.d318.s8|45-56|clotrimazole|drug
DDI-DrugBank.d318.s8|59-69|fluconazole|drug
DDI-DrugBank.d318.s10|63-74|cyclosporine|drug
DDI-DrugBank.d318.s10|81-91|pentamidine|drug
DDI-DrugBank.d318.s12|16-24|relaxants|group
DDI-DrugBank.d318.s12|115-123|relaxants|group
DDI-DrugBank.d318.s12|132-143|tubocurarine|drug
DDI-DrugBank.d65.s0|0-12|Sulfacetamide|drug
DDI-MedLine.d62.s0|54-68|methamphetamine|drug
DDI-MedLine.d62.s1|63-66|role|drug
DDI-MedLine.d62.s1|141-155|methamphetamine|drug
DDI-MedLine.d62.s1|190-195|define|drug
DDI-MedLine.d62.s4|202-209|dopamine|drug
DDI-MedLine.d62.s4|279-287|clozapine|drug
DDI-MedLine.d62.s5|62-69|dopamine|drug
DDI-DrugBank.d497.s0|7-18|brinzolamide|drug
DDI-DrugBank.d497.s1|84-95|brinzolamide|drug
DDI-DrugBank.d497.s3|101-112|brinzolamide|drug
DDI-MedLine.d180.s0|0-11|Determinants|group
DDI-MedLine.d180.s1|4-20|3-Deazaneplanocin|drug_n
DDI-MedLine.d180.s1|40-61|S-adenosylhomocysteine|drug
DDI-MedLine.d180.s1|104-112|antitumor|group
DDI-MedLine.d180.s5|33-44|quantitative|group
DDI-MedLine.d180.s6|82-85|line|drug
DDI-DrugBank.d110.s0|60-70|epinephrine|drug
DDI-DrugBank.d110.s0|75-88|norepinephrine|drug
DDI-DrugBank.d110.s0|112-120|monoamine|drug
DDI-DrugBank.d110.s0|152-166|antidepressants|group
DDI-DrugBank.d110.s4|41-54|chloroprocaine|drug
DDI-DrugBank.d110.s5|11-24|chloroprocaine|drug
DDI-DrugBank.d110.s5|73-83|sulfonamide|drug
DDI-DrugBank.d734.s0|9-17|diuretics|group
DDI-DrugBank.d734.s1|28-39|guanethidine|drug
DDI-DrugBank.d367.s1|108-115|warfarin|drug
DDI-DrugBank.d367.s3|124-132|diuretics|group
DDI-DrugBank.d367.s3|135-147|beta-blocking|group
DDI-DrugBank.d367.s3|174-190|anti-inflammatory|group
DDI-DrugBank.d367.s4|145-154|cimetidine|drug
DDI-DrugBank.d367.s9|35-47|acetaminophen|drug
DDI-DrugBank.d367.s9|50-56|aspirin|brand
DDI-DrugBank.d367.s9|59-65|codeine|drug
DDI-DrugBank.d367.s9|71-77|codeine|drug
DDI-DrugBank.d367.s11|0-10|Antibiotics|group
DDI-DrugBank.d367.s11|19-30|erythromycin|drug
DDI-DrugBank.d367.s11|50-65|sulfamethoxazole|drug
DDI-DrugBank.d367.s11|68-78|amoxicillin|drug
DDI-DrugBank.d367.s13|22-37|chlorpheniramine|drug
DDI-DrugBank.d367.s17|0-14|Corticosteroids|group
DDI-DrugBank.d367.s19|31-38|antacids|group
DDI-DrugBank.d367.s21|0-12|Hypoglycemics|group
DDI-DrugBank.d367.s21|18-26|endocrine|drug
DDI-DrugBank.d346.s3|72-83|thioridazine|drug
DDI-DrugBank.d346.s4|109-121|antidiarrheal|group
DDI-DrugBank.d346.s4|148-157|analgesics|group
DDI-DrugBank.d213.s0|0-5|Iodine|drug
DDI-DrugBank.d213.s0|10-15|iodine|drug
DDI-DrugBank.d213.s0|51-61|Carbimazole|drug
DDI-DrugBank.d213.s0|71-76|iodine|drug
DDI-DrugBank.d213.s0|116-126|Carbimazole|drug
DDI-DrugBank.d213.s1|77-87|antithyroid|group
DDI-DrugBank.d213.s3|142-152|Carbimazole|drug
DDI-DrugBank.d213.s4|26-39|anticoagulants|group
DDI-DrugBank.d213.s5|55-67|anticoagulant|group
DDI-DrugBank.d185.s0|133-161|trimethoprim/sulfamethoxazole|drug
DDI-DrugBank.d185.s2|48-60|hydroxylamine|drug
DDI-DrugBank.d185.s4|51-65|anticonvulsants|group
DDI-DrugBank.d185.s5|51-63|hydroxylamine|drug
DDI-DrugBank.d185.s6|60-72|pyrimethamine|drug
DDI-MedLine.d47.s0|53-64|azithromycin|drug
DDI-MedLine.d47.s0|70-80|minocycline|drug
DDI-MedLine.d47.s1|13-32|anti-cryptosporidial|group
DDI-MedLine.d47.s1|87-98|azithromycin|drug
DDI-MedLine.d47.s1|104-114|minocycline|drug
DDI-MedLine.d47.s3|69-80|azithromycin|drug
DDI-MedLine.d47.s3|85-95|minocycline|drug
DDI-MedLine.d47.s4|107-118|azithromycin|drug
DDI-MedLine.d47.s4|123-133|minocycline|drug
DDI-DrugBank.d78.s0|0-7|Antacids|group
DDI-DrugBank.d78.s0|37-49|Multivitamins|group
DDI-DrugBank.d78.s0|81-88|alkaline|drug
DDI-DrugBank.d78.s1|34-41|antacids|group
DDI-DrugBank.d78.s1|145-157|multivitamins|group
DDI-DrugBank.d78.s1|262-271|didanosine|drug
DDI-DrugBank.d78.s1|347-359|substantially|group
DDI-DrugBank.d78.s3|0-7|Caffeine|drug
DDI-DrugBank.d78.s3|9-19|Theobromine|drug
DDI-DrugBank.d78.s3|89-96|caffeine|drug
DDI-DrugBank.d78.s3|102-112|theobromine|drug
DDI-DrugBank.d78.s4|6-15|stimulants|group
DDI-DrugBank.d78.s5|112-119|caffeine|drug
DDI-DrugBank.d78.s5|125-135|theobromine|drug
DDI-DrugBank.d78.s6|0-11|Theophylline|drug
DDI-DrugBank.d78.s6|76-87|theophylline|drug
DDI-DrugBank.d78.s7|6-17|theophylline|drug
DDI-DrugBank.d78.s7|102-113|theophylline|drug
DDI-DrugBank.d78.s8|79-90|theophylline|drug
DDI-DrugBank.d78.s8|97-108|theophylline|drug
DDI-DrugBank.d78.s8|218-229|theophylline|drug
DDI-DrugBank.d78.s9|32-39|warfarin|drug
DDI-DrugBank.d78.s10|78-85|warfarin|drug
DDI-DrugBank.d78.s10|142-156|anticoagulation|group
DDI-DrugBank.d78.s10|206-218|antimicrobial|group
DDI-DrugBank.d78.s10|241-248|warfarin|drug
DDI-DrugBank.d78.s11|114-125|theophylline|drug
DDI-DrugBank.d78.s11|165-176|theophylline|drug
DDI-DrugBank.d78.s13|101-112|theophylline|drug
DDI-DrugBank.d78.s14|95-106|cyclosporine|drug
DDI-DrugBank.d78.s16|8-18|terfenadine|drug
DDI-DrugBank.d78.s16|21-30|astemizole|drug
DDI-DrugBank.d78.s19|96-99|anti|group
DDI-DrugBank.d78.s20|170-181|antidiabetic|group
DDI-DrugBank.d73.s0|35-43|reserpine|drug
DDI-DrugBank.d73.s0|90-102|beta-blocking|group
DDI-DrugBank.d73.s1|38-50|catecholamine|drug
DDI-DrugBank.d73.s3|89-97|clonidine|drug
DDI-DrugBank.d73.s4|41-44|beta|group
DDI-DrugBank.d73.s4|120-128|clonidine|drug
DDI-DrugBank.d73.s5|13-21|clonidine|drug
DDI-DrugBank.d73.s5|26-37|beta-blocker|group
DDI-DrugBank.d73.s5|68-71|beta|group
DDI-DrugBank.d73.s5|123-131|clonidine|drug
DDI-DrugBank.d73.s6|118-121|beta|group
DDI-DrugBank.d73.s7|48-54|aspirin|brand
DDI-DrugBank.d73.s8|106-112|aspirin|brand
DDI-DrugBank.d73.s8|118-121|beta|group
DDI-DrugBank.d73.s9|13-16|beta|group
DDI-DrugBank.d73.s10|56-66|epinephrine|drug
DDI-DrugBank.d241.s0|83-91|diuretics|group
DDI-DrugBank.d241.s0|94-109|antihypertensive|group
DDI-DrugBank.d241.s1|11-22|antiplatelet|group
DDI-DrugBank.d241.s1|34-47|anticoagulants|group
DDI-DrugBank.d241.s2|86-99|anticoagulants|group
DDI-DrugBank.d241.s3|50-58|diuretics|group
DDI-DrugBank.d241.s3|61-74|anticoagulants|group
DDI-DrugBank.d241.s3|437-444|baseline|drug
DDI-DrugBank.d101.s3|5-15|flucytosine|drug
DDI-DrugBank.d715.s0|204-216|catecholamine|drug
DDI-DrugBank.d715.s1|51-61|depressants|group
DDI-MedLine.d185.s0|62-77|pharmacokinetics|group
DDI-MedLine.d185.s2|61-72|ketoconazole|drug
DDI-MedLine.d185.s2|82-97|pharmacokinetics|group
DDI-MedLine.d185.s4|8-10|5-9|drug_n
DDI-MedLine.d185.s4|13-24|ketoconazole|drug
DDI-MedLine.d185.s5|62-73|ketoconazole|drug
DDI-MedLine.d185.s7|19-30|ketoconazole|drug
DDI-MedLine.d185.s8|3-13|substantial|group
DDI-MedLine.d185.s9|17-45|panobinostat-pharmacokinetics|group
DDI-MedLine.d185.s11|54-58|urine|drug
